<?xml version="1.0" encoding="UTF-8"?>
<Site BuildName="(empty)"
	BuildStamp="20250522-0747-Experimental"
	Name="(empty)"
	Generator="ctest-3.31.5"
	CompilerName=""
	CompilerVersion=""
	OSName="Windows"
	Hostname="Avrahams-Dell"
	OSRelease=" Professional"
	OSVersion=" (Build 9200)"
	OSPlatform="AMD64"
	Is64Bits="1"
	VendorString=""
	VendorID="Unknown Manufacturer"
	FamilyID="0"
	ModelID="0"
	ModelName=""
	ProcessorCacheSize="0"
	NumberOfLogicalCPU="8"
	NumberOfPhysicalCPU="4"
	TotalVirtualMemory="18851"
	TotalPhysicalMemory="7967"
	LogicalProcessorsPerPhysical="2"
	ProcessorClockFrequency="1896"
	>
	<Testing>
		<StartDateTime>May 22 21:46 Jerusalem Daylight Time</StartDateTime>
		<StartTestTime>1747939579</StartTestTime>
		<TestList>
			<Test>./test/BasicFunctions.BasicFunctions</Test>
		</TestList>
		<Test Status="passed">
			<Name>BasicFunctions.BasicFunctions</Name>
			<Path>./test</Path>
			<FullName>./test/BasicFunctions.BasicFunctions</FullName>
			<FullCommandLine>C:\Users\a3210\practice\build\test\Tests.exe "--gtest_filter=BasicFunctions.BasicFunctions" "--gtest_also_run_disabled_tests"</FullCommandLine>
			<Results>
				<NamedMeasurement type="numeric/double" name="Execution Time">
					<Value>0.0305052</Value>
				</NamedMeasurement>
				<NamedMeasurement type="numeric/double" name="Processors">
					<Value>1</Value>
				</NamedMeasurement>
				<NamedMeasurement type="text/string" name="Completion Status">
					<Value>Completed</Value>
				</NamedMeasurement>
				<NamedMeasurement type="text/string" name="Command Line">
					<Value>C:\Users\a3210\practice\build\test\Tests.exe "--gtest_filter=BasicFunctions.BasicFunctions" "--gtest_also_run_disabled_tests"</Value>
				</NamedMeasurement>
				<NamedMeasurement type="text/string" name="Environment">
					<Value>#CTEST_RESOURCE_GROUP_COUNT=</Value>
				</NamedMeasurement>
				<Measurement>
					<Value encoding="base64" compression="gzip">eJyNkM1rAjEQxe/5K+boHjZoexM89NNDwZa1nsxSYjougeyMJLPtv9/9EHGFonN6YX68vDdFQ+Spgtp6mmSwj1zD09xsEsZk7P3dbGoO0TrxDk3FXAUUTHIuU3Sm6tRX56GdUysWnMOyR+Cz3cDeB8EIC3i0ybvXhlpDpqTHT7VdnKaE4phsBtJbdMmOOjVeUKttfpoSloF3Ngx7pB8fmWqklkXJm8MFfO55mQGKzQr6Ka/FHTB4f7uGwmQKdcpuDTHgICw2ZOq2noI25t/8S+Mr/nc9iJb0+J+2zsfDev3y3DUfWK3+AGiZsQo=</Value>
				</Measurement>
			</Results>
		</Test>
		<EndDateTime>May 22 21:46 Jerusalem Daylight Time</EndDateTime>
		<EndTestTime>1747939580</EndTestTime>
		<ElapsedMinutes>0</ElapsedMinutes>
	</Testing>
</Site>
